<?xml version="1.0" encoding="UTF-8"?>
<testsuites name="jest tests" tests="2" failures="0" time="2.542">
  <testsuite name="Zadanie nr. 2" errors="0" failures="0" skipped="0" timestamp="2020-03-10T17:54:45" time="2.073" tests="2">
    <testcase classname="Zadanie nr. 2" name="Dodano div o rozmiarze 500 x 500" time="0.01">
    </testcase>
    <testcase classname="Zadanie nr. 2" name="Dodano poprawny gradient dla parametru &apos;background&apos;" time="0.006">
    </testcase>
  </testsuite>
</testsuites>